<?xml version="1.0" encoding="UTF-8"?>
<testsuite name="SquareTest" tests="1" skipped="0" failures="0" errors="0" timestamp="2022-07-19T13:27:03" hostname="Shireens-MacBook-Air.local" time="0.036">
  <properties/>
  <testcase name="areaOfSquare()" classname="SquareTest" time="0.036"/>
  <system-out><![CDATA[]]></system-out>
  <system-err><![CDATA[]]></system-err>
</testsuite>
