<?xml version="1.0" encoding="UTF-8"?>
<testsuite name="CellTest" tests="5" skipped="0" failures="0" errors="0" timestamp="2022-07-22T12:32:38" hostname="Shireens-MacBook-Air.local" time="0.034">
  <properties/>
  <testcase name="checkingCellDiesDueToOverPopulation()" classname="CellTest" time="0.02"/>
  <testcase name="isCellDead()" classname="CellTest" time="0.001"/>
  <testcase name="isCellAlive()" classname="CellTest" time="0.002"/>
  <testcase name="checkingIsAnyNeighborAlive()" classname="CellTest" time="0.002"/>
  <testcase name="checkingCellDiesDueToUnderPopulation()" classname="CellTest" time="0.002"/>
  <system-out><![CDATA[]]></system-out>
  <system-err><![CDATA[]]></system-err>
</testsuite>
