<?xml version="1.0" encoding="UTF-8"?>
<testsuite name="CellTest" tests="5" skipped="0" failures="0" errors="0" timestamp="2022-07-25T09:19:02" hostname="Shireens-MacBook-Air.local" time="0.033">
  <properties/>
  <testcase name="checkingCellDiesDueToOverPopulation()" classname="CellTest" time="0.021"/>
  <testcase name="isCellDead()" classname="CellTest" time="0.002"/>
  <testcase name="isCellAlive()" classname="CellTest" time="0.001"/>
  <testcase name="checkingCellDiesDueToUnderPopulation()" classname="CellTest" time="0.002"/>
  <testcase name="IsCellGeneratesForNextGeneration()" classname="CellTest" time="0.002"/>
  <system-out><![CDATA[]]></system-out>
  <system-err><![CDATA[]]></system-err>
</testsuite>
