<?xml version="1.0" encoding="UTF-8"?>
<testsuite name="GameLifeTest" tests="3" skipped="0" failures="0" errors="0" timestamp="2022-07-22T06:15:29" hostname="Shireens-MacBook-Air.local" time="0.025">
  <properties/>
  <testcase name="checkingCellDiesDueToOverPopulation()" classname="GameLifeTest" time="0.02"/>
  <testcase name="checkingIsAnyNeighborAlive()" classname="GameLifeTest" time="0.003"/>
  <testcase name="checkingCellDiesDueToUnderPopulation()" classname="GameLifeTest" time="0.001"/>
  <system-out><![CDATA[]]></system-out>
  <system-err><![CDATA[]]></system-err>
</testsuite>
