<?xml version="1.0" encoding="UTF-8"?>
<testsuite name="UniverseTest" tests="1" skipped="0" failures="0" errors="0" timestamp="2022-07-25T10:01:15" hostname="Shireens-MacBook-Air.local" time="1.028">
  <properties/>
  <testcase name="checkingGames()" classname="UniverseTest" time="1.028"/>
  <system-out><![CDATA[]]></system-out>
  <system-err><![CDATA[]]></system-err>
</testsuite>
